<?xml version="1.0" encoding="UTF-8"?>
<!-- Generated by org.testng.reporters.JUnitReportReporter -->
<testsuite hostname="LAPTOP-SPROEP6A" failures="0" tests="2" name="Twitter.VerifyTweetButtonAndFinalTweetButton" time="58.807" errors="0" timestamp="2022-05-29T23:18:39 IST" skipped="0">
  <testcase classname="Twitter.VerifyTweetButtonAndFinalTweetButton" name="VerifyTweetButtonAndFinalT" time="29.230"/>
  <system-out/>
  <testcase classname="Twitter.VerifyTweetButtonAndFinalTweetButton" name="VerifyTweetButtonAndFinalT" time="29.577"/>
  <system-out/>
</testsuite> <!-- Twitter.VerifyTweetButtonAndFinalTweetButton -->
